# JRE version: OpenJDK Runtime Environment (11.0.15) (build 11.0.15+0-b2043.56-9505619)
# Java VM: OpenJDK 64-Bit Server VM (11.0.15+0-b2043.56-9505619, mixed mode, tiered, compressed oops, g1 gc, windows-amd64)
Heap:
 garbage-first heap   total 264192K, used 213108K [0x0000000080000000, 0x0000000100000000)
  region size 1024K, 86 young (88064K), 10 survivors (10240K)
 Metaspace       used 124899K, capacity 128539K, committed 128720K, reserved 1161216K
  class space    used 15654K, capacity 16984K, committed 17048K, reserved 1048576K
GC Heap History (20 events):
Event: 12.266 GC heap after
{Heap after GC invocations=20 (full 0):
 garbage-first heap   total 260096K, used 120680K [0x0000000080000000, 0x0000000100000000)
  region size 1024K, 6 young (6144K), 6 survivors (6144K)
 Metaspace       used 100957K, capacity 103787K, committed 104528K, reserved 1140736K
  class space    used 12982K, capacity 14081K, committed 14360K, reserved 1048576K
}
Event: 14.401 GC heap before
{Heap before GC invocations=20 (full 0):
 garbage-first heap   total 260096K, used 200552K [0x0000000080000000, 0x0000000100000000)
  region size 1024K, 85 young (87040K), 6 survivors (6144K)
 Metaspace       used 104232K, capacity 107011K, committed 107728K, reserved 1142784K
  class space    used 13374K, capacity 14451K, committed 14744K, reserved 1048576K
}
Event: 14.407 GC heap after
{Heap after GC invocations=21 (full 0):
 garbage-first heap   total 260096K, used 124925K [0x0000000080000000, 0x0000000100000000)
  region size 1024K, 10 young (10240K), 10 survivors (10240K)
 Metaspace       used 104232K, capacity 107011K, committed 107728K, reserved 1142784K
  class space    used 13374K, capacity 14451K, committed 14744K, reserved 1048576K
}
Event: 15.038 GC heap before
{Heap before GC invocations=21 (full 0):
 garbage-first heap   total 260096K, used 204797K [0x0000000080000000, 0x0000000100000000)
  region size 1024K, 89 young (91136K), 10 survivors (10240K)
 Metaspace       used 106914K, capacity 109812K, committed 110288K, reserved 1144832K
  class space    used 13657K, capacity 14784K, committed 15000K, reserved 1048576K
}
Event: 15.044 GC heap after
{Heap after GC invocations=22 (full 0):
 garbage-first heap   total 260096K, used 127520K [0x0000000080000000, 0x0000000100000000)
  region size 1024K, 8 young (8192K), 8 survivors (8192K)
 Metaspace       used 106914K, capacity 109812K, committed 110288K, reserved 1144832K
  class space    used 13657K, capacity 14784K, committed 15000K, reserved 1048576K
}
Event: 151.063 GC heap before
{Heap before GC invocations=22 (full 0):
 garbage-first heap   total 260096K, used 208416K [0x0000000080000000, 0x0000000100000000)
  region size 1024K, 88 young (90112K), 8 survivors (8192K)
 Metaspace       used 111206K, capacity 114545K, committed 114640K, reserved 1148928K
  class space    used 14221K, capacity 15487K, committed 15512K, reserved 1048576K
}
Event: 151.073 GC heap after
{Heap after GC invocations=23 (full 0):
 garbage-first heap   total 260096K, used 132314K [0x0000000080000000, 0x0000000100000000)
  region size 1024K, 9 young (9216K), 9 survivors (9216K)
 Metaspace       used 111206K, capacity 114545K, committed 114640K, reserved 1148928K
  class space    used 14221K, capacity 15487K, committed 15512K, reserved 1048576K
}
Event: 151.606 GC heap before
{Heap before GC invocations=24 (full 0):
 garbage-first heap   total 260096K, used 230618K [0x0000000080000000, 0x0000000100000000)
  region size 1024K, 87 young (89088K), 9 survivors (9216K)
 Metaspace       used 111605K, capacity 114836K, committed 115152K, reserved 1148928K
  class space    used 14186K, capacity 15415K, committed 15512K, reserved 1048576K
}
Event: 151.617 GC heap after
{Heap after GC invocations=25 (full 0):
 garbage-first heap   total 260096K, used 137588K [0x0000000080000000, 0x0000000100000000)
  region size 1024K, 10 young (10240K), 10 survivors (10240K)
 Metaspace       used 111605K, capacity 114836K, committed 115152K, reserved 1148928K
  class space    used 14186K, capacity 15415K, committed 15512K, reserved 1048576K
}
Event: 151.625 GC heap before
{Heap before GC invocations=25 (full 0):
 garbage-first heap   total 260096K, used 139636K [0x0000000080000000, 0x0000000100000000)
  region size 1024K, 12 young (12288K), 10 survivors (10240K)
 Metaspace       used 111609K, capacity 114836K, committed 115152K, reserved 1148928K
  class space    used 14186K, capacity 15415K, committed 15512K, reserved 1048576K
}
Event: 151.633 GC heap after
{Heap after GC invocations=26 (full 0):
 garbage-first heap   total 260096K, used 129413K [0x0000000080000000, 0x0000000100000000)
  region size 1024K, 2 young (2048K), 2 survivors (2048K)
 Metaspace       used 111609K, capacity 114836K, committed 115152K, reserved 1148928K
  class space    used 14186K, capacity 15415K, committed 15512K, reserved 1048576K
}
Event: 153.533 GC heap before
{Heap before GC invocations=26 (full 0):
 garbage-first heap   total 260096K, used 210309K [0x0000000080000000, 0x0000000100000000)
  region size 1024K, 82 young (83968K), 2 survivors (2048K)
 Metaspace       used 111855K, capacity 115199K, committed 115664K, reserved 1148928K
  class space    used 14190K, capacity 15422K, committed 15512K, reserved 1048576K
}
Event: 153.538 GC heap after
{Heap after GC invocations=27 (full 0):
 garbage-first heap   total 260096K, used 132679K [0x0000000080000000, 0x0000000100000000)
  region size 1024K, 5 young (5120K), 5 survivors (5120K)
 Metaspace       used 111855K, capacity 115199K, committed 115664K, reserved 1148928K
  class space    used 14190K, capacity 15422K, committed 15512K, reserved 1048576K
}
Event: 157.984 GC heap before
{Heap before GC invocations=28 (full 0):
 garbage-first heap   total 260096K, used 214599K [0x0000000080000000, 0x0000000100000000)
  region size 1024K, 84 young (86016K), 5 survivors (5120K)
 Metaspace       used 118627K, capacity 122215K, committed 122448K, reserved 1155072K
  class space    used 15024K, capacity 16267K, committed 16408K, reserved 1048576K
}
Event: 157.990 GC heap after
{Heap after GC invocations=29 (full 0):
 garbage-first heap   total 260096K, used 141773K [0x0000000080000000, 0x0000000100000000)
  region size 1024K, 11 young (11264K), 11 survivors (11264K)
 Metaspace       used 118627K, capacity 122215K, committed 122448K, reserved 1155072K
  class space    used 15024K, capacity 16267K, committed 16408K, reserved 1048576K
}
Event: 158.018 GC heap before
{Heap before GC invocations=29 (full 0):
 garbage-first heap   total 260096K, used 142797K [0x0000000080000000, 0x0000000100000000)
  region size 1024K, 12 young (12288K), 11 survivors (11264K)
 Metaspace       used 118698K, capacity 122230K, committed 122448K, reserved 1155072K
  class space    used 15035K, capacity 16272K, committed 16408K, reserved 1048576K
}
Event: 158.026 GC heap after
{Heap after GC invocations=30 (full 0):
 garbage-first heap   total 260096K, used 132362K [0x0000000080000000, 0x0000000100000000)
  region size 1024K, 2 young (2048K), 2 survivors (2048K)
 Metaspace       used 118698K, capacity 122230K, committed 122448K, reserved 1155072K
  class space    used 15035K, capacity 16272K, committed 16408K, reserved 1048576K
}
Event: 158.185 GC heap before
{Heap before GC invocations=30 (full 0):
 garbage-first heap   total 260096K, used 147722K [0x0000000080000000, 0x0000000100000000)
  region size 1024K, 18 young (18432K), 2 survivors (2048K)
 Metaspace       used 120059K, capacity 123661K, committed 123856K, reserved 1157120K
  class space    used 15133K, capacity 16429K, committed 16536K, reserved 1048576K
}
Event: 158.190 GC heap after
{Heap after GC invocations=31 (full 0):
 garbage-first heap   total 260096K, used 134260K [0x0000000080000000, 0x0000000100000000)
  region size 1024K, 4 young (4096K), 4 survivors (4096K)
 Metaspace       used 120059K, capacity 123661K, committed 123856K, reserved 1157120K
  class space    used 15133K, capacity 16429K, committed 16536K, reserved 1048576K
}
Event: 158.794 GC heap before
{Heap before GC invocations=32 (full 0):
 garbage-first heap   total 260096K, used 213108K [0x0000000080000000, 0x0000000100000000)
  region size 1024K, 80 young (81920K), 4 survivors (4096K)
 Metaspace       used 124899K, capacity 128539K, committed 128720K, reserved 1161216K
  class space    used 15654K, capacity 16984K, committed 17048K, reserved 1048576K
}

