# JRE version: OpenJDK Runtime Environment (11.0.15) (build 11.0.15+0-b2043.56-9505619)
# Java VM: OpenJDK 64-Bit Server VM (11.0.15+0-b2043.56-9505619, mixed mode, tiered, compressed oops, g1 gc, windows-amd64)
Heap:
 garbage-first heap   total 260096K, used 150071K [0x0000000080000000, 0x0000000100000000)
  region size 1024K, 100 young (102400K), 10 survivors (10240K)
 Metaspace       used 73371K, capacity 75232K, committed 75420K, reserved 1114112K
  class space    used 9532K, capacity 10234K, committed 10240K, reserved 1048576K
GC Heap History (16 events):
Event: 0.517 GC heap before
{Heap before GC invocations=0 (full 0):
 garbage-first heap   total 260096K, used 29696K [0x0000000080000000, 0x0000000100000000)
  region size 1024K, 24 young (24576K), 0 survivors (0K)
 Metaspace       used 10108K, capacity 10265K, committed 10368K, reserved 1058816K
  class space    used 1033K, capacity 1108K, committed 1152K, reserved 1048576K
}
Event: 0.521 GC heap after
{Heap after GC invocations=1 (full 0):
 garbage-first heap   total 260096K, used 9516K [0x0000000080000000, 0x0000000100000000)
  region size 1024K, 3 young (3072K), 3 survivors (3072K)
 Metaspace       used 10108K, capacity 10265K, committed 10368K, reserved 1058816K
  class space    used 1033K, capacity 1108K, committed 1152K, reserved 1048576K
}
Event: 1.954 GC heap before
{Heap before GC invocations=1 (full 0):
 garbage-first heap   total 260096K, used 107820K [0x0000000080000000, 0x0000000100000000)
  region size 1024K, 100 young (102400K), 3 survivors (3072K)
 Metaspace       used 20778K, capacity 21193K, committed 21296K, reserved 1069056K
  class space    used 2527K, capacity 2687K, committed 2688K, reserved 1048576K
}
Event: 1.964 GC heap after
{Heap after GC invocations=2 (full 0):
 garbage-first heap   total 260096K, used 17506K [0x0000000080000000, 0x0000000100000000)
  region size 1024K, 11 young (11264K), 11 survivors (11264K)
 Metaspace       used 20778K, capacity 21193K, committed 21296K, reserved 1069056K
  class space    used 2527K, capacity 2687K, committed 2688K, reserved 1048576K
}
Event: 2.490 GC heap before
{Heap before GC invocations=3 (full 0):
 garbage-first heap   total 260096K, used 83042K [0x0000000080000000, 0x0000000100000000)
  region size 1024K, 75 young (76800K), 11 survivors (11264K)
 Metaspace       used 27395K, capacity 28039K, committed 28160K, reserved 1073152K
  class space    used 3576K, capacity 3834K, committed 3840K, reserved 1048576K
}
Event: 2.495 GC heap after
{Heap after GC invocations=4 (full 0):
 garbage-first heap   total 260096K, used 19566K [0x0000000080000000, 0x0000000100000000)
  region size 1024K, 3 young (3072K), 3 survivors (3072K)
 Metaspace       used 27395K, capacity 28039K, committed 28160K, reserved 1073152K
  class space    used 3576K, capacity 3834K, committed 3840K, reserved 1048576K
}
Event: 3.074 GC heap before
{Heap before GC invocations=4 (full 0):
 garbage-first heap   total 260096K, used 75886K [0x0000000080000000, 0x0000000100000000)
  region size 1024K, 59 young (60416K), 3 survivors (3072K)
 Metaspace       used 35014K, capacity 35889K, committed 35968K, reserved 1081344K
  class space    used 4570K, capacity 4921K, committed 4992K, reserved 1048576K
}
Event: 3.081 GC heap after
{Heap after GC invocations=5 (full 0):
 garbage-first heap   total 260096K, used 22642K [0x0000000080000000, 0x0000000100000000)
  region size 1024K, 6 young (6144K), 6 survivors (6144K)
 Metaspace       used 35014K, capacity 35889K, committed 35968K, reserved 1081344K
  class space    used 4570K, capacity 4921K, committed 4992K, reserved 1048576K
}
Event: 3.960 GC heap before
{Heap before GC invocations=6 (full 0):
 garbage-first heap   total 260096K, used 137330K [0x0000000080000000, 0x0000000100000000)
  region size 1024K, 115 young (117760K), 6 survivors (6144K)
 Metaspace       used 45342K, capacity 46510K, committed 46620K, reserved 1089536K
  class space    used 5750K, capacity 6182K, committed 6272K, reserved 1048576K
}
Event: 3.967 GC heap after
{Heap after GC invocations=7 (full 0):
 garbage-first heap   total 260096K, used 30797K [0x0000000080000000, 0x0000000100000000)
  region size 1024K, 14 young (14336K), 14 survivors (14336K)
 Metaspace       used 45342K, capacity 46510K, committed 46620K, reserved 1089536K
  class space    used 5750K, capacity 6182K, committed 6272K, reserved 1048576K
}
Event: 4.800 GC heap before
{Heap before GC invocations=7 (full 0):
 garbage-first heap   total 260096K, used 170061K [0x0000000080000000, 0x0000000100000000)
  region size 1024K, 141 young (144384K), 14 survivors (14336K)
 Metaspace       used 51095K, capacity 52541K, committed 52892K, reserved 1095680K
  class space    used 6481K, capacity 7070K, committed 7168K, reserved 1048576K
}
Event: 4.810 GC heap after
{Heap after GC invocations=8 (full 0):
 garbage-first heap   total 260096K, used 49354K [0x0000000080000000, 0x0000000100000000)
  region size 1024K, 18 young (18432K), 18 survivors (18432K)
 Metaspace       used 51095K, capacity 52541K, committed 52892K, reserved 1095680K
  class space    used 6481K, capacity 7070K, committed 7168K, reserved 1048576K
}
Event: 5.484 GC heap before
{Heap before GC invocations=8 (full 0):
 garbage-first heap   total 260096K, used 107722K [0x0000000080000000, 0x0000000100000000)
  region size 1024K, 76 young (77824K), 18 survivors (18432K)
 Metaspace       used 58850K, capacity 60496K, committed 60572K, reserved 1101824K
  class space    used 7483K, capacity 8125K, committed 8192K, reserved 1048576K
}
Event: 5.498 GC heap after
{Heap after GC invocations=9 (full 0):
 garbage-first heap   total 260096K, used 52122K [0x0000000080000000, 0x0000000100000000)
  region size 1024K, 4 young (4096K), 4 survivors (4096K)
 Metaspace       used 58850K, capacity 60496K, committed 60572K, reserved 1101824K
  class space    used 7483K, capacity 8125K, committed 8192K, reserved 1048576K
}
Event: 6.399 GC heap before
{Heap before GC invocations=10 (full 0):
 garbage-first heap   total 260096K, used 166810K [0x0000000080000000, 0x0000000100000000)
  region size 1024K, 109 young (111616K), 4 survivors (4096K)
 Metaspace       used 67860K, capacity 69583K, committed 69660K, reserved 1110016K
  class space    used 8605K, capacity 9271K, committed 9344K, reserved 1048576K
}
Event: 6.404 GC heap after
{Heap after GC invocations=11 (full 0):
 garbage-first heap   total 260096K, used 58935K [0x0000000080000000, 0x0000000100000000)
  region size 1024K, 10 young (10240K), 10 survivors (10240K)
 Metaspace       used 67860K, capacity 69583K, committed 69660K, reserved 1110016K
  class space    used 8605K, capacity 9271K, committed 9344K, reserved 1048576K
}

