# JRE version: OpenJDK Runtime Environment (11.0.15) (build 11.0.15+0-b2043.56-9505619)
# Java VM: OpenJDK 64-Bit Server VM (11.0.15+0-b2043.56-9505619, mixed mode, tiered, compressed oops, g1 gc, windows-amd64)
Heap:
 garbage-first heap   total 260096K, used 157497K [0x0000000080000000, 0x0000000100000000)
  region size 1024K, 108 young (110592K), 11 survivors (11264K)
 Metaspace       used 74283K, capacity 76150K, committed 76200K, reserved 1120256K
  class space    used 9647K, capacity 10362K, committed 10368K, reserved 1048576K
GC Heap History (16 events):
Event: 0.520 GC heap before
{Heap before GC invocations=0 (full 0):
 garbage-first heap   total 260096K, used 29696K [0x0000000080000000, 0x0000000100000000)
  region size 1024K, 24 young (24576K), 0 survivors (0K)
 Metaspace       used 10105K, capacity 10265K, committed 10368K, reserved 1058816K
  class space    used 1034K, capacity 1108K, committed 1152K, reserved 1048576K
}
Event: 0.523 GC heap after
{Heap after GC invocations=1 (full 0):
 garbage-first heap   total 260096K, used 9478K [0x0000000080000000, 0x0000000100000000)
  region size 1024K, 3 young (3072K), 3 survivors (3072K)
 Metaspace       used 10105K, capacity 10265K, committed 10368K, reserved 1058816K
  class space    used 1034K, capacity 1108K, committed 1152K, reserved 1048576K
}
Event: 1.887 GC heap before
{Heap before GC invocations=1 (full 0):
 garbage-first heap   total 260096K, used 107782K [0x0000000080000000, 0x0000000100000000)
  region size 1024K, 100 young (102400K), 3 survivors (3072K)
 Metaspace       used 20790K, capacity 21193K, committed 21296K, reserved 1069056K
  class space    used 2527K, capacity 2687K, committed 2688K, reserved 1048576K
}
Event: 1.896 GC heap after
{Heap after GC invocations=2 (full 0):
 garbage-first heap   total 260096K, used 17256K [0x0000000080000000, 0x0000000100000000)
  region size 1024K, 11 young (11264K), 11 survivors (11264K)
 Metaspace       used 20790K, capacity 21193K, committed 21296K, reserved 1069056K
  class space    used 2527K, capacity 2687K, committed 2688K, reserved 1048576K
}
Event: 2.156 GC heap before
{Heap before GC invocations=3 (full 0):
 garbage-first heap   total 260096K, used 49000K [0x0000000080000000, 0x0000000100000000)
  region size 1024K, 43 young (44032K), 11 survivors (11264K)
 Metaspace       used 24174K, capacity 24682K, committed 24832K, reserved 1071104K
  class space    used 3080K, capacity 3285K, committed 3328K, reserved 1048576K
}
Event: 2.160 GC heap after
{Heap after GC invocations=4 (full 0):
 garbage-first heap   total 260096K, used 18413K [0x0000000080000000, 0x0000000100000000)
  region size 1024K, 2 young (2048K), 2 survivors (2048K)
 Metaspace       used 24174K, capacity 24682K, committed 24832K, reserved 1071104K
  class space    used 3080K, capacity 3285K, committed 3328K, reserved 1048576K
}
Event: 2.985 GC heap before
{Heap before GC invocations=4 (full 0):
 garbage-first heap   total 260096K, used 108525K [0x0000000080000000, 0x0000000100000000)
  region size 1024K, 91 young (93184K), 2 survivors (2048K)
 Metaspace       used 35008K, capacity 35889K, committed 35968K, reserved 1081344K
  class space    used 4570K, capacity 4921K, committed 4992K, reserved 1048576K
}
Event: 2.992 GC heap after
{Heap after GC invocations=5 (full 0):
 garbage-first heap   total 260096K, used 22315K [0x0000000080000000, 0x0000000100000000)
  region size 1024K, 6 young (6144K), 6 survivors (6144K)
 Metaspace       used 35008K, capacity 35889K, committed 35968K, reserved 1081344K
  class space    used 4570K, capacity 4921K, committed 4992K, reserved 1048576K
}
Event: 3.932 GC heap before
{Heap before GC invocations=6 (full 0):
 garbage-first heap   total 260096K, used 140075K [0x0000000080000000, 0x0000000100000000)
  region size 1024K, 118 young (120832K), 6 survivors (6144K)
 Metaspace       used 45534K, capacity 46715K, committed 46876K, reserved 1089536K
  class space    used 5781K, capacity 6186K, committed 6272K, reserved 1048576K
}
Event: 3.940 GC heap after
{Heap after GC invocations=7 (full 0):
 garbage-first heap   total 260096K, used 30519K [0x0000000080000000, 0x0000000100000000)
  region size 1024K, 14 young (14336K), 14 survivors (14336K)
 Metaspace       used 45534K, capacity 46715K, committed 46876K, reserved 1089536K
  class space    used 5781K, capacity 6186K, committed 6272K, reserved 1048576K
}
Event: 4.746 GC heap before
{Heap before GC invocations=7 (full 0):
 garbage-first heap   total 260096K, used 171831K [0x0000000080000000, 0x0000000100000000)
  region size 1024K, 143 young (146432K), 14 survivors (14336K)
 Metaspace       used 51532K, capacity 52970K, committed 53148K, reserved 1095680K
  class space    used 6540K, capacity 7109K, committed 7168K, reserved 1048576K
}
Event: 4.755 GC heap after
{Heap after GC invocations=8 (full 0):
 garbage-first heap   total 260096K, used 48750K [0x0000000080000000, 0x0000000100000000)
  region size 1024K, 18 young (18432K), 18 survivors (18432K)
 Metaspace       used 51532K, capacity 52970K, committed 53148K, reserved 1095680K
  class space    used 6540K, capacity 7109K, committed 7168K, reserved 1048576K
}
Event: 5.311 GC heap before
{Heap before GC invocations=8 (full 0):
 garbage-first heap   total 260096K, used 103022K [0x0000000080000000, 0x0000000100000000)
  region size 1024K, 72 young (73728K), 18 survivors (18432K)
 Metaspace       used 58907K, capacity 60504K, committed 60572K, reserved 1101824K
  class space    used 7487K, capacity 8148K, committed 8192K, reserved 1048576K
}
Event: 5.323 GC heap after
{Heap after GC invocations=9 (full 0):
 garbage-first heap   total 260096K, used 52199K [0x0000000080000000, 0x0000000100000000)
  region size 1024K, 4 young (4096K), 4 survivors (4096K)
 Metaspace       used 58907K, capacity 60504K, committed 60572K, reserved 1101824K
  class space    used 7487K, capacity 8148K, committed 8192K, reserved 1048576K
}
Event: 6.215 GC heap before
{Heap before GC invocations=10 (full 0):
 garbage-first heap   total 260096K, used 172007K [0x0000000080000000, 0x0000000100000000)
  region size 1024K, 114 young (116736K), 4 survivors (4096K)
 Metaspace       used 68005K, capacity 69723K, committed 69800K, reserved 1110016K
  class space    used 8622K, capacity 9295K, committed 9344K, reserved 1048576K
}
Event: 6.221 GC heap after
{Heap after GC invocations=11 (full 0):
 garbage-first heap   total 260096K, used 59193K [0x0000000080000000, 0x0000000100000000)
  region size 1024K, 11 young (11264K), 11 survivors (11264K)
 Metaspace       used 68005K, capacity 69723K, committed 69800K, reserved 1110016K
  class space    used 8622K, capacity 9295K, committed 9344K, reserved 1048576K
}

