# JRE version: OpenJDK Runtime Environment (11.0.15) (build 11.0.15+0-b2043.56-9505619)
# Java VM: OpenJDK 64-Bit Server VM (11.0.15+0-b2043.56-9505619, mixed mode, tiered, compressed oops, g1 gc, windows-amd64)
Heap:
 garbage-first heap   total 260096K, used 109685K [0x0000000080000000, 0x0000000100000000)
  region size 1024K, 58 young (59392K), 16 survivors (16384K)
 Metaspace       used 78977K, capacity 80899K, committed 81180K, reserved 1120256K
  class space    used 10295K, capacity 11070K, committed 11136K, reserved 1048576K
GC Heap History (20 events):
Event: 0.507 GC heap before
{Heap before GC invocations=0 (full 0):
 garbage-first heap   total 260096K, used 29696K [0x0000000080000000, 0x0000000100000000)
  region size 1024K, 24 young (24576K), 0 survivors (0K)
 Metaspace       used 10098K, capacity 10265K, committed 10368K, reserved 1058816K
  class space    used 1033K, capacity 1108K, committed 1152K, reserved 1048576K
}
Event: 0.510 GC heap after
{Heap after GC invocations=1 (full 0):
 garbage-first heap   total 260096K, used 9750K [0x0000000080000000, 0x0000000100000000)
  region size 1024K, 3 young (3072K), 3 survivors (3072K)
 Metaspace       used 10098K, capacity 10265K, committed 10368K, reserved 1058816K
  class space    used 1033K, capacity 1108K, committed 1152K, reserved 1048576K
}
Event: 1.812 GC heap before
{Heap before GC invocations=1 (full 0):
 garbage-first heap   total 260096K, used 108054K [0x0000000080000000, 0x0000000100000000)
  region size 1024K, 100 young (102400K), 3 survivors (3072K)
 Metaspace       used 20784K, capacity 21193K, committed 21296K, reserved 1069056K
  class space    used 2527K, capacity 2687K, committed 2688K, reserved 1048576K
}
Event: 1.818 GC heap after
{Heap after GC invocations=2 (full 0):
 garbage-first heap   total 260096K, used 17587K [0x0000000080000000, 0x0000000100000000)
  region size 1024K, 11 young (11264K), 11 survivors (11264K)
 Metaspace       used 20784K, capacity 21193K, committed 21296K, reserved 1069056K
  class space    used 2527K, capacity 2687K, committed 2688K, reserved 1048576K
}
Event: 1.966 GC heap before
{Heap before GC invocations=3 (full 0):
 garbage-first heap   total 260096K, used 38067K [0x0000000080000000, 0x0000000100000000)
  region size 1024K, 32 young (32768K), 11 survivors (11264K)
 Metaspace       used 22663K, capacity 23174K, committed 23420K, reserved 1069056K
  class space    used 2863K, capacity 3035K, committed 3072K, reserved 1048576K
}
Event: 1.971 GC heap after
{Heap after GC invocations=4 (full 0):
 garbage-first heap   total 260096K, used 18577K [0x0000000080000000, 0x0000000100000000)
  region size 1024K, 2 young (2048K), 2 survivors (2048K)
 Metaspace       used 22663K, capacity 23174K, committed 23420K, reserved 1069056K
  class space    used 2863K, capacity 3035K, committed 3072K, reserved 1048576K
}
Event: 2.698 GC heap before
{Heap before GC invocations=4 (full 0):
 garbage-first heap   total 260096K, used 111761K [0x0000000080000000, 0x0000000100000000)
  region size 1024K, 93 young (95232K), 2 survivors (2048K)
 Metaspace       used 32800K, capacity 33652K, committed 33792K, reserved 1079296K
  class space    used 4414K, capacity 4749K, committed 4864K, reserved 1048576K
}
Event: 2.701 GC heap after
{Heap after GC invocations=5 (full 0):
 garbage-first heap   total 260096K, used 21695K [0x0000000080000000, 0x0000000100000000)
  region size 1024K, 5 young (5120K), 5 survivors (5120K)
 Metaspace       used 32800K, capacity 33652K, committed 33792K, reserved 1079296K
  class space    used 4414K, capacity 4749K, committed 4864K, reserved 1048576K
}
Event: 2.856 GC heap before
{Heap before GC invocations=5 (full 0):
 garbage-first heap   total 260096K, used 29887K [0x0000000080000000, 0x0000000100000000)
  region size 1024K, 14 young (14336K), 5 survivors (5120K)
 Metaspace       used 35011K, capacity 35890K, committed 35968K, reserved 1081344K
  class space    used 4570K, capacity 4921K, committed 4992K, reserved 1048576K
}
Event: 2.862 GC heap after
{Heap after GC invocations=6 (full 0):
 garbage-first heap   total 260096K, used 23033K [0x0000000080000000, 0x0000000100000000)
  region size 1024K, 6 young (6144K), 6 survivors (6144K)
 Metaspace       used 35011K, capacity 35890K, committed 35968K, reserved 1081344K
  class space    used 4570K, capacity 4921K, committed 4992K, reserved 1048576K
}
Event: 3.777 GC heap before
{Heap before GC invocations=7 (full 0):
 garbage-first heap   total 260096K, used 156153K [0x0000000080000000, 0x0000000100000000)
  region size 1024K, 133 young (136192K), 6 survivors (6144K)
 Metaspace       used 45955K, capacity 47108K, committed 47260K, reserved 1089536K
  class space    used 5840K, capacity 6297K, committed 6400K, reserved 1048576K
}
Event: 3.784 GC heap after
{Heap after GC invocations=8 (full 0):
 garbage-first heap   total 260096K, used 31544K [0x0000000080000000, 0x0000000100000000)
  region size 1024K, 14 young (14336K), 14 survivors (14336K)
 Metaspace       used 45955K, capacity 47108K, committed 47260K, reserved 1089536K
  class space    used 5840K, capacity 6297K, committed 6400K, reserved 1048576K
}
Event: 4.718 GC heap before
{Heap before GC invocations=8 (full 0):
 garbage-first heap   total 260096K, used 179000K [0x0000000080000000, 0x0000000100000000)
  region size 1024K, 149 young (152576K), 14 survivors (14336K)
 Metaspace       used 53683K, capacity 55144K, committed 55196K, reserved 1097728K
  class space    used 6828K, capacity 7422K, committed 7424K, reserved 1048576K
}
Event: 4.728 GC heap after
{Heap after GC invocations=9 (full 0):
 garbage-first heap   total 260096K, used 50332K [0x0000000080000000, 0x0000000100000000)
  region size 1024K, 19 young (19456K), 19 survivors (19456K)
 Metaspace       used 53683K, capacity 55144K, committed 55196K, reserved 1097728K
  class space    used 6828K, capacity 7422K, committed 7424K, reserved 1048576K
}
Event: 5.081 GC heap before
{Heap before GC invocations=9 (full 0):
 garbage-first heap   total 260096K, used 86172K [0x0000000080000000, 0x0000000100000000)
  region size 1024K, 55 young (56320K), 19 survivors (19456K)
 Metaspace       used 58849K, capacity 60482K, committed 60572K, reserved 1101824K
  class space    used 7480K, capacity 8120K, committed 8192K, reserved 1048576K
}
Event: 5.093 GC heap after
{Heap after GC invocations=10 (full 0):
 garbage-first heap   total 260096K, used 54205K [0x0000000080000000, 0x0000000100000000)
  region size 1024K, 4 young (4096K), 4 survivors (4096K)
 Metaspace       used 58849K, capacity 60482K, committed 60572K, reserved 1101824K
  class space    used 7480K, capacity 8120K, committed 8192K, reserved 1048576K
}
Event: 5.972 GC heap before
{Heap before GC invocations=11 (full 0):
 garbage-first heap   total 260096K, used 174013K [0x0000000080000000, 0x0000000100000000)
  region size 1024K, 114 young (116736K), 4 survivors (4096K)
 Metaspace       used 68001K, capacity 69791K, committed 69916K, reserved 1110016K
  class space    used 8624K, capacity 9298K, committed 9344K, reserved 1048576K
}
Event: 5.978 GC heap after
{Heap after GC invocations=12 (full 0):
 garbage-first heap   total 260096K, used 60426K [0x0000000080000000, 0x0000000100000000)
  region size 1024K, 10 young (10240K), 10 survivors (10240K)
 Metaspace       used 68001K, capacity 69791K, committed 69916K, reserved 1110016K
  class space    used 8624K, capacity 9298K, committed 9344K, reserved 1048576K
}
Event: 6.785 GC heap before
{Heap before GC invocations=12 (full 0):
 garbage-first heap   total 260096K, used 176138K [0x0000000080000000, 0x0000000100000000)
  region size 1024K, 123 young (125952K), 10 survivors (10240K)
 Metaspace       used 75871K, capacity 77776K, committed 77852K, reserved 1116160K
  class space    used 9877K, capacity 10622K, committed 10624K, reserved 1048576K
}
Event: 6.793 GC heap after
{Heap after GC invocations=13 (full 0):
 garbage-first heap   total 260096K, used 67701K [0x0000000080000000, 0x0000000100000000)
  region size 1024K, 16 young (16384K), 16 survivors (16384K)
 Metaspace       used 75871K, capacity 77776K, committed 77852K, reserved 1116160K
  class space    used 9877K, capacity 10622K, committed 10624K, reserved 1048576K
}

